Using pre-set license
Built from '2020.3/staging' branch; Version is '2020.3.16f1 (049d6eca3c44) revision 302446'; Using compiler version '192528614'; Build Type 'Release'
OS: 'Windows 10 Pro; OS build 19044.1766; Version 2009; 64bit' Language: 'en' Physical Memory: 32725 MB
BatchMode: 1, IsHumanControllingUs: 0, StartBugReporterOnCrash: 0, Is64bit: 1, IsPro: 0

 COMMAND LINE ARGUMENTS:
D:\Unity Editor\Editor\2020.3.16f1\Editor\Unity.exe
-adb2
-batchMode
-noUpm
-name
AssetImportWorker0
-projectPath
F:/unity personal projects/levelSystem
-logFile
Logs/AssetImportWorker0.log
-srvPort
56272
Successfully changed project path to: F:/unity personal projects/levelSystem
F:/unity personal projects/levelSystem
Using Asset Import Pipeline V2.
Refreshing native plugins compatible for Editor in 100.66 ms, found 2 plugins.
Preloading 0 native plugins for Editor in 0.00 ms.
Initialize engine version: 2020.3.16f1 (049d6eca3c44)
[Subsystems] Discovering subsystems at path D:/Unity Editor/Editor/2020.3.16f1/Editor/Data/Resources/UnitySubsystems
[Subsystems] Discovering subsystems at path F:/unity personal projects/levelSystem/Assets
GfxDevice: creating device client; threaded=0
Direct3D:
    Version:  Direct3D 11.0 [level 11.0]
    Renderer: NVIDIA GeForce GTX 750 Ti (ID=0x1380)
    Vendor:   
    VRAM:     2007 MB
    Driver:   27.21.14.5671
Initialize mono
Mono path[0] = 'D:/Unity Editor/Editor/2020.3.16f1/Editor/Data/Managed'
Mono path[1] = 'D:/Unity Editor/Editor/2020.3.16f1/Editor/Data/MonoBleedingEdge/lib/mono/unityjit'
Mono config path = 'D:/Unity Editor/Editor/2020.3.16f1/Editor/Data/MonoBleedingEdge/etc'
Using monoOptions --debugger-agent=transport=dt_socket,embedding=1,server=y,suspend=n,address=127.0.0.1:56048
Begin MonoManager ReloadAssembly
Registering precompiled unity dll's ...
Register platform support module: D:/Unity Editor/Editor/2020.3.16f1/Editor/Data/PlaybackEngines/WebGLSupport/UnityEditor.WebGL.Extensions.dll
Register platform support module: D:/Unity Editor/Editor/2020.3.16f1/Editor/Data/PlaybackEngines/WindowsStandaloneSupport/UnityEditor.WindowsStandalone.Extensions.dll
Registered in 0.002778 seconds.
Native extension for WindowsStandalone target not found
Native extension for WebGL target not found
Refreshing native plugins compatible for Editor in 123.19 ms, found 2 plugins.
Preloading 0 native plugins for Editor in 0.00 ms.
Mono: successfully reloaded assembly
- Completed reload, in  3.710 seconds
Domain Reload Profiling:
	ReloadAssembly (3711ms)
		BeginReloadAssembly (158ms)
			ExecutionOrderSort (0ms)
			DisableScriptedObjects (0ms)
			BackupInstance (0ms)
			ReleaseScriptingObjects (0ms)
			CreateAndSetChildDomain (2ms)
		EndReloadAssembly (1138ms)
			LoadAssemblies (155ms)
			RebuildTransferFunctionScriptingTraits (0ms)
			SetupTypeCache (450ms)
			ReleaseScriptCaches (0ms)
			RebuildScriptCaches (112ms)
			SetupLoadedEditorAssemblies (434ms)
				LogAssemblyErrors (0ms)
				InitializePlatformSupportModulesInManaged (16ms)
				SetLoadedEditorAssemblies (1ms)
				RefreshPlugins (123ms)
				BeforeProcessingInitializeOnLoad (40ms)
				ProcessInitializeOnLoadAttributes (194ms)
				ProcessInitializeOnLoadMethodAttributes (59ms)
				AfterProcessingInitializeOnLoad (0ms)
				EditorAssembliesLoaded (1ms)
			ExecutionOrderSort2 (0ms)
			AwakeInstancesAfterBackupRestoration (0ms)
Platform modules already initialized, skipping
Registering precompiled user dll's ...
Registered in 0.005373 seconds.
Begin MonoManager ReloadAssembly
Native extension for WindowsStandalone target not found
Native extension for WebGL target not found
Refreshing native plugins compatible for Editor in 0.97 ms, found 2 plugins.
Preloading 0 native plugins for Editor in 0.00 ms.
Mono: successfully reloaded assembly
- Completed reload, in  3.522 seconds
Domain Reload Profiling:
	ReloadAssembly (3524ms)
		BeginReloadAssembly (478ms)
			ExecutionOrderSort (0ms)
			DisableScriptedObjects (11ms)
			BackupInstance (0ms)
			ReleaseScriptingObjects (0ms)
			CreateAndSetChildDomain (56ms)
		EndReloadAssembly (2910ms)
			LoadAssemblies (247ms)
			RebuildTransferFunctionScriptingTraits (0ms)
			SetupTypeCache (674ms)
			ReleaseScriptCaches (1ms)
			RebuildScriptCaches (177ms)
			SetupLoadedEditorAssemblies (1617ms)
				LogAssemblyErrors (0ms)
				InitializePlatformSupportModulesInManaged (12ms)
				SetLoadedEditorAssemblies (1ms)
				RefreshPlugins (1ms)
				BeforeProcessingInitializeOnLoad (226ms)
				ProcessInitializeOnLoadAttributes (1355ms)
				ProcessInitializeOnLoadMethodAttributes (12ms)
				AfterProcessingInitializeOnLoad (8ms)
				EditorAssembliesLoaded (1ms)
			ExecutionOrderSort2 (0ms)
			AwakeInstancesAfterBackupRestoration (23ms)
Platform modules already initialized, skipping
========================================================================
Worker process is ready to serve import requests
Launched and connected shader compiler UnityShaderCompiler.exe after 0.08 seconds
Refreshing native plugins compatible for Editor in 0.87 ms, found 2 plugins.
Preloading 0 native plugins for Editor in 0.00 ms.
Unloading 1446 Unused Serialized files (Serialized files now loaded: 0)
System memory in use before: 66.3 MB.
System memory in use after: 66.4 MB.

Unloading 18 unused Assets to reduce memory usage. Loaded Objects now: 1879.
Total: 5.519800 ms (FindLiveObjects: 0.201800 ms CreateObjectMapping: 0.094200 ms MarkObjects: 5.090800 ms  DeleteObjects: 0.130200 ms)

AssetImportParameters requested are different than current active one (requested -> active):
  custom:framework-win-MediaFoundation: 216162199b28c13a410421893ffa2e32 -> 
  custom:video-decoder-ogg-theora: a1e56fd34408186e4bbccfd4996cb3dc -> 
  custom:container-muxer-webm: aa71ff27fc2769a1b78a27578f13a17b -> 
  custom:container-demuxer-webm: 4f35f7cbe854078d1ac9338744f61a02 -> 
  custom:container-demuxer-ogg: 62fdf1f143b41e24485cea50d1cbac27 -> 
  custom:video-encoder-webm-vp8: eb34c28f22e8b96e1ab97ce403110664 -> 
  custom:video-decoder-webm-vp8: 9c59270c3fd7afecdb556c50c9e8de78 -> 
  custom:audio-decoder-ogg-vorbis: bf7c407c2cedff20999df2af8eb42d56 -> 
  custom:audio-encoder-webm-vorbis: bf7c407c2cedff20999df2af8eb42d56 -> 
========================================================================
Received Import Request.
  path: Assets/WrappingRope/Demo
  artifactKey: Guid(b233c855a81e7ea4588df5182504aeb4) Importer(815301076,1909f56bfc062723c751e8b465ee728b)
Start importing Assets/WrappingRope/Demo using Guid(b233c855a81e7ea4588df5182504aeb4) Importer(815301076,1909f56bfc062723c751e8b465ee728b)  -> (artifact id: '9af4693a9329dcc9cb623569c6a26b01') in 0.028361 seconds 
  Import took 0.050664 seconds .

========================================================================
Received Import Request.
  Time since last request: 0.000742 seconds.
  path: Assets/WrappingRope
  artifactKey: Guid(fb31dd89cbdd2482995d93f4fe9187d9) Importer(815301076,1909f56bfc062723c751e8b465ee728b)
Start importing Assets/WrappingRope using Guid(fb31dd89cbdd2482995d93f4fe9187d9) Importer(815301076,1909f56bfc062723c751e8b465ee728b)  -> (artifact id: '61df117eca1e5f34a5e5b15db252c4d4') in 0.014150 seconds 
  Import took 0.021473 seconds .

========================================================================
Received Import Request.
  Time since last request: 48.794202 seconds.
  path: Assets/WrappingRope/Demo/Prefabs
  artifactKey: Guid(5620a2311c023e64287b79ad31fa0b7b) Importer(815301076,1909f56bfc062723c751e8b465ee728b)
Start importing Assets/WrappingRope/Demo/Prefabs using Guid(5620a2311c023e64287b79ad31fa0b7b) Importer(815301076,1909f56bfc062723c751e8b465ee728b)  -> (artifact id: '87571321aa5da82453457650a1850093') in 0.014739 seconds 
  Import took 0.021772 seconds .

========================================================================
Received Import Request.
  Time since last request: 0.088890 seconds.
  path: Assets/WrappingRope/Demo/Prefabs/ProceduralRope.prefab
  artifactKey: Guid(6dd8e37168106054687e4be3b78d0bf7) Importer(815301076,1909f56bfc062723c751e8b465ee728b)
Start importing Assets/WrappingRope/Demo/Prefabs/ProceduralRope.prefab using Guid(6dd8e37168106054687e4be3b78d0bf7) Importer(815301076,1909f56bfc062723c751e8b465ee728b)  -> (artifact id: 'b0d9bc922a7f8419b628baf856aabcfb') in 0.638215 seconds 
  Import took 0.643694 seconds .

========================================================================
Received Import Request.
  Time since last request: 0.000355 seconds.
  path: Assets/WrappingRope/Demo/Prefabs/TexturedRope.prefab
  artifactKey: Guid(57d3e86b4a94ed642ab6f961c3e94e52) Importer(815301076,1909f56bfc062723c751e8b465ee728b)
Start importing Assets/WrappingRope/Demo/Prefabs/TexturedRope.prefab using Guid(57d3e86b4a94ed642ab6f961c3e94e52) Importer(815301076,1909f56bfc062723c751e8b465ee728b)  -> (artifact id: 'c3d45aaaf8bcc1a103c482253126a083') in 0.036640 seconds 
  Import took 0.040601 seconds .

========================================================================
Received Import Request.
  Time since last request: 0.000362 seconds.
  path: Assets/WrappingRope/Demo/Prefabs/Rope.prefab
  artifactKey: Guid(d456a266d9bb2d743807012ccc683f9a) Importer(815301076,1909f56bfc062723c751e8b465ee728b)
Start importing Assets/WrappingRope/Demo/Prefabs/Rope.prefab using Guid(d456a266d9bb2d743807012ccc683f9a) Importer(815301076,1909f56bfc062723c751e8b465ee728b)  -> (artifact id: '6916bff1e659c3a6329fac016f1696b3') in 0.025803 seconds 
  Import took 0.029673 seconds .

========================================================================
Received Import Request.
  Time since last request: 0.000387 seconds.
  path: Assets/WrappingRope/Demo/Prefabs/RopeCutMe.prefab
  artifactKey: Guid(285545eac2e017d4a8dc3e8e6f91141d) Importer(815301076,1909f56bfc062723c751e8b465ee728b)
Start importing Assets/WrappingRope/Demo/Prefabs/RopeCutMe.prefab using Guid(285545eac2e017d4a8dc3e8e6f91141d) Importer(815301076,1909f56bfc062723c751e8b465ee728b)  -> (artifact id: '86a44bc8a03585b9056b2394c764a05d') in 0.025192 seconds 
  Import took 0.030393 seconds .

========================================================================
Received Import Request.
  Time since last request: 0.000389 seconds.
  path: Assets/WrappingRope/Demo/Prefabs/Sphere.prefab
  artifactKey: Guid(667825f1cf5b12548bffd0d0c415d028) Importer(815301076,1909f56bfc062723c751e8b465ee728b)
Start importing Assets/WrappingRope/Demo/Prefabs/Sphere.prefab using Guid(667825f1cf5b12548bffd0d0c415d028) Importer(815301076,1909f56bfc062723c751e8b465ee728b)  -> (artifact id: '27302feeaea54c07586386149f6964fe') in 0.357403 seconds 
  Import took 0.362311 seconds .

========================================================================
Received Import Request.
  Time since last request: 0.000315 seconds.
  path: Assets/WrappingRope/Demo/Prefabs/Projectile.prefab
  artifactKey: Guid(eba2192a6af737644a7d3294229ab48a) Importer(815301076,1909f56bfc062723c751e8b465ee728b)
Start importing Assets/WrappingRope/Demo/Prefabs/Projectile.prefab using Guid(eba2192a6af737644a7d3294229ab48a) Importer(815301076,1909f56bfc062723c751e8b465ee728b)  -> (artifact id: 'd3f613d7a97b59b7056f7e5138693295') in 0.019029 seconds 
  Import took 0.022957 seconds .

========================================================================
Received Import Request.
  Time since last request: 0.000350 seconds.
  path: Assets/WrappingRope/Demo/Prefabs/SphereLight.prefab
  artifactKey: Guid(cc15441f67f2c684abc88e08cb09b1c8) Importer(815301076,1909f56bfc062723c751e8b465ee728b)
Start importing Assets/WrappingRope/Demo/Prefabs/SphereLight.prefab using Guid(cc15441f67f2c684abc88e08cb09b1c8) Importer(815301076,1909f56bfc062723c751e8b465ee728b)  -> (artifact id: 'dfa0a825519f8844023295cd8446b098') in 0.253673 seconds 
  Import took 0.259008 seconds .

========================================================================
Received Import Request.
  Time since last request: 0.000483 seconds.
  path: Assets/WrappingRope/Demo/Prefabs/RopeUVW2pf.prefab
  artifactKey: Guid(cd07515d41031144e821af499ea0ca7f) Importer(815301076,1909f56bfc062723c751e8b465ee728b)
Start importing Assets/WrappingRope/Demo/Prefabs/RopeUVW2pf.prefab using Guid(cd07515d41031144e821af499ea0ca7f) Importer(815301076,1909f56bfc062723c751e8b465ee728b)  -> (artifact id: '1b650fede20ba87f556bb30ec70e8b6b') in 0.054010 seconds 
  Import took 0.060773 seconds .

========================================================================
Received Import Request.
  Time since last request: 0.003677 seconds.
  path: Assets/WrappingRope/Demo/Prefabs/RopeCutMe (1).prefab
  artifactKey: Guid(36eb6c26bf77d404bb271d0404c111fa) Importer(815301076,1909f56bfc062723c751e8b465ee728b)
Start importing Assets/WrappingRope/Demo/Prefabs/RopeCutMe (1).prefab using Guid(36eb6c26bf77d404bb271d0404c111fa) Importer(815301076,1909f56bfc062723c751e8b465ee728b)  -> (artifact id: '26662d6b606d22d826b6f687289ae64f') in 0.051233 seconds 
  Import took 0.058697 seconds .

========================================================================
Received Import Request.
  Time since last request: 4.788734 seconds.
  path: Assets/WrappingRope/Demo/Character
  artifactKey: Guid(e2d46ab79ad511a46b03e2fddc09d144) Importer(815301076,1909f56bfc062723c751e8b465ee728b)
Start importing Assets/WrappingRope/Demo/Character using Guid(e2d46ab79ad511a46b03e2fddc09d144) Importer(815301076,1909f56bfc062723c751e8b465ee728b)  -> (artifact id: '20af34403b9d33466830106e133a4c60') in 0.014961 seconds 
  Import took 0.022193 seconds .

========================================================================
Received Import Request.
  Time since last request: 0.019822 seconds.
  path: Assets/WrappingRope/Demo/Character
  artifactKey: Guid(e2d46ab79ad511a46b03e2fddc09d144) Importer(815301076,1909f56bfc062723c751e8b465ee728b)
Start importing Assets/WrappingRope/Demo/Character using Guid(e2d46ab79ad511a46b03e2fddc09d144) Importer(815301076,1909f56bfc062723c751e8b465ee728b)  -> (artifact id: '20af34403b9d33466830106e133a4c60') in 0.004714 seconds 
  Import took 0.011301 seconds .

========================================================================
Received Import Request.
  Time since last request: 1.687882 seconds.
  path: Assets/WrappingRope/Demo/Anchoring.unity
  artifactKey: Guid(a7b290b7a00545d49a8ada4548405d7f) Importer(815301076,1909f56bfc062723c751e8b465ee728b)
Start importing Assets/WrappingRope/Demo/Anchoring.unity using Guid(a7b290b7a00545d49a8ada4548405d7f) Importer(815301076,1909f56bfc062723c751e8b465ee728b)  -> (artifact id: 'c77458d518bed0b1e885c77fe1812dcd') in 0.011809 seconds 
  Import took 0.017368 seconds .

========================================================================
Received Import Request.
  Time since last request: 10.962216 seconds.
  path: Assets/WrappingRope/Demo/Elastic.unity
  artifactKey: Guid(c8a9980d1a7cce4409309552f5c57998) Importer(815301076,1909f56bfc062723c751e8b465ee728b)
Start importing Assets/WrappingRope/Demo/Elastic.unity using Guid(c8a9980d1a7cce4409309552f5c57998) Importer(815301076,1909f56bfc062723c751e8b465ee728b)  -> (artifact id: 'e12975607ab8000eb249aca403ef7266') in 0.012839 seconds 
  Import took 0.020432 seconds .

========================================================================
Received Import Request.
  Time since last request: 8.472492 seconds.
  path: Assets/WrappingRope/Demo/WrappingRopeProcedural.unity
  artifactKey: Guid(fad0dc15b8e632b4c93f47d1d9bed09e) Importer(815301076,1909f56bfc062723c751e8b465ee728b)
Start importing Assets/WrappingRope/Demo/WrappingRopeProcedural.unity using Guid(fad0dc15b8e632b4c93f47d1d9bed09e) Importer(815301076,1909f56bfc062723c751e8b465ee728b)  -> (artifact id: '9f0f6732078bd79dc683e1c4faa0e86f') in 0.014024 seconds 
  Import took 0.020724 seconds .

========================================================================
Received Import Request.
  Time since last request: 2.246468 seconds.
  path: Assets/WrappingRope/Demo/WrapppingRopeDemo.unity
  artifactKey: Guid(1de4b41b5e8b77040b125017060e0315) Importer(815301076,1909f56bfc062723c751e8b465ee728b)
Start importing Assets/WrappingRope/Demo/WrapppingRopeDemo.unity using Guid(1de4b41b5e8b77040b125017060e0315) Importer(815301076,1909f56bfc062723c751e8b465ee728b)  -> (artifact id: '8086856290c592d1c3dbdff769eb95d4') in 0.013011 seconds 
  Import took 0.019068 seconds .

========================================================================
Received Import Request.
  Time since last request: 0.000981 seconds.
  path: Assets/WrappingRope/Demo/WrapppingRopeDemo.unity
  artifactKey: Guid(1de4b41b5e8b77040b125017060e0315) Importer(815301076,1909f56bfc062723c751e8b465ee728b)
Start importing Assets/WrappingRope/Demo/WrapppingRopeDemo.unity using Guid(1de4b41b5e8b77040b125017060e0315) Importer(815301076,1909f56bfc062723c751e8b465ee728b)  -> (artifact id: '8086856290c592d1c3dbdff769eb95d4') in 0.004261 seconds 
  Import took 0.009339 seconds .

========================================================================
Received Import Request.
  Time since last request: 1.869996 seconds.
  path: Assets/WrappingRope/Demo/Character.unity
  artifactKey: Guid(92283f8a1892bb749b7f8ccf872db7ba) Importer(815301076,1909f56bfc062723c751e8b465ee728b)
Start importing Assets/WrappingRope/Demo/Character.unity using Guid(92283f8a1892bb749b7f8ccf872db7ba) Importer(815301076,1909f56bfc062723c751e8b465ee728b)  -> (artifact id: 'c11425fa326c969796a1247cf4ba2920') in 0.014221 seconds 
  Import took 0.021427 seconds .

========================================================================
Received Import Request.
  Time since last request: 26.217320 seconds.
  path: Assets/Scenes
  artifactKey: Guid(810b6d3dd3c47054c80337e5ffb12eec) Importer(815301076,1909f56bfc062723c751e8b465ee728b)
Start importing Assets/Scenes using Guid(810b6d3dd3c47054c80337e5ffb12eec) Importer(815301076,1909f56bfc062723c751e8b465ee728b)  -> (artifact id: '4b4c236f1e7d9600e85a194aa2c4c63d') in 0.009614 seconds 
  Import took 0.013517 seconds .

========================================================================
Received Import Request.
  Time since last request: 2.326919 seconds.
  path: Assets/Scenes/SampleScene.unity
  artifactKey: Guid(9fc0d4010bbf28b4594072e72b8655ab) Importer(815301076,1909f56bfc062723c751e8b465ee728b)
Start importing Assets/Scenes/SampleScene.unity using Guid(9fc0d4010bbf28b4594072e72b8655ab) Importer(815301076,1909f56bfc062723c751e8b465ee728b)  -> (artifact id: 'e8723b4cd461c9122c6675c2da73ece6') in 0.016017 seconds 
  Import took 0.038279 seconds .

========================================================================
Received Prepare
Registering precompiled user dll's ...
Registered in 0.005460 seconds.
Begin MonoManager ReloadAssembly
Native extension for WindowsStandalone target not found
Native extension for WebGL target not found
Refreshing native plugins compatible for Editor in 0.68 ms, found 2 plugins.
Preloading 0 native plugins for Editor in 0.00 ms.
Mono: successfully reloaded assembly
- Completed reload, in  3.377 seconds
Domain Reload Profiling:
	ReloadAssembly (3378ms)
		BeginReloadAssembly (404ms)
			ExecutionOrderSort (0ms)
			DisableScriptedObjects (14ms)
			BackupInstance (0ms)
			ReleaseScriptingObjects (0ms)
			CreateAndSetChildDomain (153ms)
		EndReloadAssembly (2866ms)
			LoadAssemblies (228ms)
			RebuildTransferFunctionScriptingTraits (0ms)
			SetupTypeCache (641ms)
			ReleaseScriptCaches (1ms)
			RebuildScriptCaches (226ms)
			SetupLoadedEditorAssemblies (1593ms)
				LogAssemblyErrors (0ms)
				InitializePlatformSupportModulesInManaged (12ms)
				SetLoadedEditorAssemblies (1ms)
				RefreshPlugins (1ms)
				BeforeProcessingInitializeOnLoad (155ms)
				ProcessInitializeOnLoadAttributes (1407ms)
				ProcessInitializeOnLoadMethodAttributes (11ms)
				AfterProcessingInitializeOnLoad (6ms)
				EditorAssembliesLoaded (1ms)
			ExecutionOrderSort2 (0ms)
			AwakeInstancesAfterBackupRestoration (16ms)
Platform modules already initialized, skipping
Refreshing native plugins compatible for Editor in 1.19 ms, found 2 plugins.
Preloading 0 native plugins for Editor in 0.00 ms.
Unloading 1440 Unused Serialized files (Serialized files now loaded: 0)
System memory in use before: 72.0 MB.
System memory in use after: 72.1 MB.

Unloading 14 unused Assets to reduce memory usage. Loaded Objects now: 1897.
Total: 9.903800 ms (FindLiveObjects: 0.940300 ms CreateObjectMapping: 0.165800 ms MarkObjects: 8.690200 ms  DeleteObjects: 0.101500 ms)

AssetImportParameters requested are different than current active one (requested -> active):
  custom:framework-win-MediaFoundation: 216162199b28c13a410421893ffa2e32 -> 
  custom:video-decoder-ogg-theora: a1e56fd34408186e4bbccfd4996cb3dc -> 
  custom:container-muxer-webm: aa71ff27fc2769a1b78a27578f13a17b -> 
  custom:container-demuxer-webm: 4f35f7cbe854078d1ac9338744f61a02 -> 
  custom:container-demuxer-ogg: 62fdf1f143b41e24485cea50d1cbac27 -> 
  custom:video-encoder-webm-vp8: eb34c28f22e8b96e1ab97ce403110664 -> 
  custom:video-decoder-webm-vp8: 9c59270c3fd7afecdb556c50c9e8de78 -> 
  custom:audio-decoder-ogg-vorbis: bf7c407c2cedff20999df2af8eb42d56 -> 
  custom:audio-encoder-webm-vorbis: bf7c407c2cedff20999df2af8eb42d56 -> 
========================================================================
Received Import Request.
  Time since last request: 655.868414 seconds.
  path: Assets/WrappingRope/Demo/Materials/Anchor.mat
  artifactKey: Guid(0a3aa9a7278769447bbca9213301ccdf) Importer(815301076,1909f56bfc062723c751e8b465ee728b)
Start importing Assets/WrappingRope/Demo/Materials/Anchor.mat using Guid(0a3aa9a7278769447bbca9213301ccdf) Importer(815301076,1909f56bfc062723c751e8b465ee728b)  -> (artifact id: '9d5a2d49f37416a97efd197b78eb9515') in 0.210002 seconds 
  Import took 0.215113 seconds .

========================================================================
Received Import Request.
  Time since last request: 0.000369 seconds.
  path: Assets/WrappingRope/Demo/Materials/Balk.mat
  artifactKey: Guid(a7ae86894697e5a4a8c64eda03a86c8a) Importer(815301076,1909f56bfc062723c751e8b465ee728b)
Start importing Assets/WrappingRope/Demo/Materials/Balk.mat using Guid(a7ae86894697e5a4a8c64eda03a86c8a) Importer(815301076,1909f56bfc062723c751e8b465ee728b)  -> (artifact id: 'f35ea77351e01799fe2e56e8331427a4') in 0.365271 seconds 
  Import took 0.371186 seconds .

========================================================================
Received Import Request.
  Time since last request: 0.002718 seconds.
  path: Assets/WrappingRope/Demo/Materials/Bordure.mat
  artifactKey: Guid(7a5f467356c1d0848b9aaf21745a263b) Importer(815301076,1909f56bfc062723c751e8b465ee728b)
Start importing Assets/WrappingRope/Demo/Materials/Bordure.mat using Guid(7a5f467356c1d0848b9aaf21745a263b) Importer(815301076,1909f56bfc062723c751e8b465ee728b)  -> (artifact id: 'c9fdcc16cc6ab7a9054dabd3190b9111') in 0.128455 seconds 
  Import took 0.134556 seconds .

========================================================================
Received Import Request.
  Time since last request: 0.000340 seconds.
  path: Assets/WrappingRope/Materials/CG1.mat
  artifactKey: Guid(3c642d565d0dcb145a177e12f571845f) Importer(815301076,1909f56bfc062723c751e8b465ee728b)
Start importing Assets/WrappingRope/Materials/CG1.mat using Guid(3c642d565d0dcb145a177e12f571845f) Importer(815301076,1909f56bfc062723c751e8b465ee728b)  -> (artifact id: 'edadbfe2ea131fe120ecbd4da06a7a6a') in 0.631694 seconds 
  Import took 0.637168 seconds .

========================================================================
Received Import Request.
  Time since last request: 0.000429 seconds.
  path: Assets/WrappingRope/Materials/CG2.mat
  artifactKey: Guid(c2b15b161e828c545906bc2c8785802a) Importer(815301076,1909f56bfc062723c751e8b465ee728b)
Start importing Assets/WrappingRope/Materials/CG2.mat using Guid(c2b15b161e828c545906bc2c8785802a) Importer(815301076,1909f56bfc062723c751e8b465ee728b)  -> (artifact id: 'e4546d05fd965baed2acdaa8c5765954') in 0.035170 seconds 
  Import took 0.041663 seconds .

========================================================================
Received Import Request.
  Time since last request: 0.000401 seconds.
  path: Assets/WrappingRope/Demo/Materials/Character.mat
  artifactKey: Guid(e9e9d8245fb83ef449478af816167d44) Importer(815301076,1909f56bfc062723c751e8b465ee728b)
Start importing Assets/WrappingRope/Demo/Materials/Character.mat using Guid(e9e9d8245fb83ef449478af816167d44) Importer(815301076,1909f56bfc062723c751e8b465ee728b)  -> (artifact id: '764dceb43568d7f2112bc40f99966f3d') in 0.021897 seconds 
  Import took 0.027212 seconds .

========================================================================
Received Import Request.
  Time since last request: 0.000311 seconds.
  path: Assets/WrappingRope/Materials/Rope.mat
  artifactKey: Guid(2b796030ab6ea104bb14c2b333219e0a) Importer(815301076,1909f56bfc062723c751e8b465ee728b)
Start importing Assets/WrappingRope/Materials/Rope.mat using Guid(2b796030ab6ea104bb14c2b333219e0a) Importer(815301076,1909f56bfc062723c751e8b465ee728b)  -> (artifact id: '8efedc4b616ca945fe2fd8e0486ffa35') in 0.255714 seconds 
  Import took 0.259458 seconds .

========================================================================
Received Import Request.
  Time since last request: 0.000406 seconds.
  path: Assets/WrappingRope/Demo/Materials/Anchor.mat
  artifactKey: Guid(0a3aa9a7278769447bbca9213301ccdf) Importer(815301076,1909f56bfc062723c751e8b465ee728b)
Start importing Assets/WrappingRope/Demo/Materials/Anchor.mat using Guid(0a3aa9a7278769447bbca9213301ccdf) Importer(815301076,1909f56bfc062723c751e8b465ee728b)  -> (artifact id: '9d5a2d49f37416a97efd197b78eb9515') in 0.018147 seconds 
  Import took 0.023403 seconds .

========================================================================
Received Import Request.
  Time since last request: 0.000393 seconds.
  path: Assets/WrappingRope/Demo/Materials/Ball.mat
  artifactKey: Guid(7c650a2bbefd31f4d982cfbb47581675) Importer(815301076,1909f56bfc062723c751e8b465ee728b)
Start importing Assets/WrappingRope/Demo/Materials/Ball.mat using Guid(7c650a2bbefd31f4d982cfbb47581675) Importer(815301076,1909f56bfc062723c751e8b465ee728b)  -> (artifact id: '49ec0d1bc2eceb2f1102d4d33e6fb598') in 0.032417 seconds 
  Import took 0.056759 seconds .

========================================================================
Received Import Request.
  Time since last request: 0.000458 seconds.
  path: Assets/WrappingRope/Demo/Materials/Floor.mat
  artifactKey: Guid(86abf990565897a4793220ba6cb25bea) Importer(815301076,1909f56bfc062723c751e8b465ee728b)
Start importing Assets/WrappingRope/Demo/Materials/Floor.mat using Guid(86abf990565897a4793220ba6cb25bea) Importer(815301076,1909f56bfc062723c751e8b465ee728b)  -> (artifact id: '8e45bbb0faf07d248726a49c3eecefd5') in 0.049766 seconds 
  Import took 0.073456 seconds .

========================================================================
Received Import Request.
  Time since last request: 0.003703 seconds.
  path: Assets/WrappingRope/Demo/Materials/Weight.mat
  artifactKey: Guid(01181cbc1e327284c9b59991b1005443) Importer(815301076,1909f56bfc062723c751e8b465ee728b)
Start importing Assets/WrappingRope/Demo/Materials/Weight.mat using Guid(01181cbc1e327284c9b59991b1005443) Importer(815301076,1909f56bfc062723c751e8b465ee728b)  -> (artifact id: '9c904706f81f499433e91bf8445109c9') in 0.054952 seconds 
  Import took 0.078139 seconds .

========================================================================
Received Import Request.
  Time since last request: 0.000492 seconds.
  path: Assets/WrappingRope/Demo/Materials/rope1.mat
  artifactKey: Guid(0f2bb564c6c8ea7478c650f9817c0b08) Importer(815301076,1909f56bfc062723c751e8b465ee728b)
Start importing Assets/WrappingRope/Demo/Materials/rope1.mat using Guid(0f2bb564c6c8ea7478c650f9817c0b08) Importer(815301076,1909f56bfc062723c751e8b465ee728b)  -> (artifact id: '406096f7952a40581c1f29e224014b03') in 0.056798 seconds 
  Import took 0.064288 seconds .

========================================================================
Received Import Request.
  Time since last request: 0.001171 seconds.
  path: Assets/WrappingRope/Demo/Character/Animation/Materials/No Name.mat
  artifactKey: Guid(43ab620240ac48849b3bbbaed94e1464) Importer(815301076,1909f56bfc062723c751e8b465ee728b)
Start importing Assets/WrappingRope/Demo/Character/Animation/Materials/No Name.mat using Guid(43ab620240ac48849b3bbbaed94e1464) Importer(815301076,1909f56bfc062723c751e8b465ee728b)  -> (artifact id: 'e001af6316c470692cd56824db6b3b8f') in 0.055941 seconds 
  Import took 0.067022 seconds .

========================================================================
Received Import Request.
  Time since last request: 0.008584 seconds.
  path: Assets/WrappingRope/Demo/Materials/Floor1.mat
  artifactKey: Guid(47fe74e287125024baf3be0d38d65302) Importer(815301076,1909f56bfc062723c751e8b465ee728b)
Start importing Assets/WrappingRope/Demo/Materials/Floor1.mat using Guid(47fe74e287125024baf3be0d38d65302) Importer(815301076,1909f56bfc062723c751e8b465ee728b)  -> (artifact id: '21b14dae5d685a8f7ccc9cecddef516f') in 0.031704 seconds 
  Import took 0.038996 seconds .

========================================================================
Received Import Request.
  Time since last request: 0.000477 seconds.
  path: Assets/WrappingRope/Demo/Materials/RopeLite.mat
  artifactKey: Guid(a691a98c3ad9cf9499fa7de85de12b22) Importer(815301076,1909f56bfc062723c751e8b465ee728b)
Start importing Assets/WrappingRope/Demo/Materials/RopeLite.mat using Guid(a691a98c3ad9cf9499fa7de85de12b22) Importer(815301076,1909f56bfc062723c751e8b465ee728b)  -> (artifact id: '31b4e8dfd52ea0ef61f6785b5dc71952') in 0.027512 seconds 
  Import took 0.032040 seconds .

========================================================================
Received Import Request.
  Time since last request: 38.968621 seconds.
  path: Assets/WrappingRope/Prefabs
  artifactKey: Guid(3457238057a16634db0c892898910a68) Importer(815301076,1909f56bfc062723c751e8b465ee728b)
Start importing Assets/WrappingRope/Prefabs using Guid(3457238057a16634db0c892898910a68) Importer(815301076,1909f56bfc062723c751e8b465ee728b)  -> (artifact id: '7a4ca0c258638fb8006d1ada6efcedc8') in 0.004565 seconds 
  Import took 0.013963 seconds .

========================================================================
Received Import Request.
  Time since last request: 0.049184 seconds.
  path: Assets/WrappingRope/Prefabs/PiecePrefab.prefab
  artifactKey: Guid(9f03738e8b9f61e4da97b9a8df79d9f9) Importer(815301076,1909f56bfc062723c751e8b465ee728b)
Start importing Assets/WrappingRope/Prefabs/PiecePrefab.prefab using Guid(9f03738e8b9f61e4da97b9a8df79d9f9) Importer(815301076,1909f56bfc062723c751e8b465ee728b)  -> (artifact id: '6000356ab8bd49b7dc07f5c5baf5194e') in 0.049406 seconds 
  Import took 0.056252 seconds .

========================================================================
Received Import Request.
  Time since last request: 0.000395 seconds.
  path: Assets/WrappingRope/Prefabs/RopePrefab.prefab
  artifactKey: Guid(cb69d92c1a25676429e75861151ca543) Importer(815301076,1909f56bfc062723c751e8b465ee728b)
Start importing Assets/WrappingRope/Prefabs/RopePrefab.prefab using Guid(cb69d92c1a25676429e75861151ca543) Importer(815301076,1909f56bfc062723c751e8b465ee728b)  -> (artifact id: 'a4a6cd6caec38decc462edb6192597f3') in 0.023967 seconds 
  Import took 0.029302 seconds .

========================================================================
Received Prepare
Registering precompiled user dll's ...
Registered in 0.005779 seconds.
Begin MonoManager ReloadAssembly
Native extension for WindowsStandalone target not found
Native extension for WebGL target not found
Refreshing native plugins compatible for Editor in 0.68 ms, found 2 plugins.
Preloading 0 native plugins for Editor in 0.00 ms.
Mono: successfully reloaded assembly
- Completed reload, in  3.440 seconds
Domain Reload Profiling:
	ReloadAssembly (3441ms)
		BeginReloadAssembly (203ms)
			ExecutionOrderSort (0ms)
			DisableScriptedObjects (10ms)
			BackupInstance (0ms)
			ReleaseScriptingObjects (0ms)
			CreateAndSetChildDomain (54ms)
		EndReloadAssembly (3097ms)
			LoadAssemblies (220ms)
			RebuildTransferFunctionScriptingTraits (0ms)
			SetupTypeCache (746ms)
			ReleaseScriptCaches (2ms)
			RebuildScriptCaches (159ms)
			SetupLoadedEditorAssemblies (1716ms)
				LogAssemblyErrors (0ms)
				InitializePlatformSupportModulesInManaged (13ms)
				SetLoadedEditorAssemblies (1ms)
				RefreshPlugins (1ms)
				BeforeProcessingInitializeOnLoad (257ms)
				ProcessInitializeOnLoadAttributes (1422ms)
				ProcessInitializeOnLoadMethodAttributes (12ms)
				AfterProcessingInitializeOnLoad (9ms)
				EditorAssembliesLoaded (1ms)
			ExecutionOrderSort2 (0ms)
			AwakeInstancesAfterBackupRestoration (25ms)
Platform modules already initialized, skipping
Refreshing native plugins compatible for Editor in 0.65 ms, found 2 plugins.
Preloading 0 native plugins for Editor in 0.00 ms.
Unloading 1440 Unused Serialized files (Serialized files now loaded: 0)
System memory in use before: 74.1 MB.
System memory in use after: 74.2 MB.

Unloading 13 unused Assets to reduce memory usage. Loaded Objects now: 1937.
Total: 5.784000 ms (FindLiveObjects: 0.241900 ms CreateObjectMapping: 0.112700 ms MarkObjects: 5.400900 ms  DeleteObjects: 0.026300 ms)

AssetImportParameters requested are different than current active one (requested -> active):
  custom:framework-win-MediaFoundation: 216162199b28c13a410421893ffa2e32 -> 
  custom:video-decoder-ogg-theora: a1e56fd34408186e4bbccfd4996cb3dc -> 
  custom:container-muxer-webm: aa71ff27fc2769a1b78a27578f13a17b -> 
  custom:container-demuxer-webm: 4f35f7cbe854078d1ac9338744f61a02 -> 
  custom:container-demuxer-ogg: 62fdf1f143b41e24485cea50d1cbac27 -> 
  custom:video-encoder-webm-vp8: eb34c28f22e8b96e1ab97ce403110664 -> 
  custom:video-decoder-webm-vp8: 9c59270c3fd7afecdb556c50c9e8de78 -> 
  custom:audio-decoder-ogg-vorbis: bf7c407c2cedff20999df2af8eb42d56 -> 
  custom:audio-encoder-webm-vorbis: bf7c407c2cedff20999df2af8eb42d56 -> 
========================================================================
Received Import Request.
  Time since last request: 7.719192 seconds.
  path: Assets/WrappingRope/Resources
  artifactKey: Guid(55935f396fa7eb04fa460791146b8ae7) Importer(815301076,1909f56bfc062723c751e8b465ee728b)
Start importing Assets/WrappingRope/Resources using Guid(55935f396fa7eb04fa460791146b8ae7) Importer(815301076,1909f56bfc062723c751e8b465ee728b)  -> (artifact id: '9d60358db9a00712ff84e646dbad0569') in 0.026235 seconds 
  Import took 0.034952 seconds .

========================================================================
Received Import Request.
  Time since last request: 0.056723 seconds.
  path: Assets/WrappingRope/Resources/Add_Point_Off.png
  artifactKey: Guid(998930ecca05798499d2feb22cc61db8) Importer(815301076,1909f56bfc062723c751e8b465ee728b)
Start importing Assets/WrappingRope/Resources/Add_Point_Off.png using Guid(998930ecca05798499d2feb22cc61db8) Importer(815301076,1909f56bfc062723c751e8b465ee728b)  -> (artifact id: '1d632b133949327f8b5b83cf9f47f121') in 0.229148 seconds 
  Import took 0.235385 seconds .

========================================================================
Received Import Request.
  Time since last request: 0.000320 seconds.
  path: Assets/WrappingRope/Resources/Add_Point_On.png
  artifactKey: Guid(7a870ba25e0360843a2c3ec0a0e70b00) Importer(815301076,1909f56bfc062723c751e8b465ee728b)
Start importing Assets/WrappingRope/Resources/Add_Point_On.png using Guid(7a870ba25e0360843a2c3ec0a0e70b00) Importer(815301076,1909f56bfc062723c751e8b465ee728b)  -> (artifact id: 'fe7538079758e51ef027a24a636b3758') in 0.014801 seconds 
  Import took 0.019029 seconds .

========================================================================
Received Import Request.
  Time since last request: 0.000363 seconds.
  path: Assets/WrappingRope/Resources/Delete_Point_On.png
  artifactKey: Guid(2d1b040c09cc59b4d97f787faac7d280) Importer(815301076,1909f56bfc062723c751e8b465ee728b)
Start importing Assets/WrappingRope/Resources/Delete_Point_On.png using Guid(2d1b040c09cc59b4d97f787faac7d280) Importer(815301076,1909f56bfc062723c751e8b465ee728b)  -> (artifact id: 'a69ebedc86b2c3f9ffad620bf996dc8a') in 0.014409 seconds 
  Import took 0.018592 seconds .

========================================================================
Received Import Request.
  Time since last request: 0.000300 seconds.
  path: Assets/WrappingRope/Resources/Make_Regular.png
  artifactKey: Guid(ec4743c7ad1edea4699192625cb20be5) Importer(815301076,1909f56bfc062723c751e8b465ee728b)
Start importing Assets/WrappingRope/Resources/Make_Regular.png using Guid(ec4743c7ad1edea4699192625cb20be5) Importer(815301076,1909f56bfc062723c751e8b465ee728b)  -> (artifact id: '4afdb29ada945306106174fbb3244327') in 0.014554 seconds 
  Import took 0.018246 seconds .

========================================================================
Received Import Request.
  Time since last request: 0.000362 seconds.
  path: Assets/WrappingRope/Resources/Delete_Point_Off.png
  artifactKey: Guid(e13fe53db0e801447a3273e79d922b2e) Importer(815301076,1909f56bfc062723c751e8b465ee728b)
Start importing Assets/WrappingRope/Resources/Delete_Point_Off.png using Guid(e13fe53db0e801447a3273e79d922b2e) Importer(815301076,1909f56bfc062723c751e8b465ee728b)  -> (artifact id: 'ba929ef95f4a4760dde4915444bf58c7') in 0.014102 seconds 
  Import took 0.017823 seconds .

========================================================================
Received Import Request.
  Time since last request: 4.157035 seconds.
  path: Assets/WrappingRope/Textures
  artifactKey: Guid(fcfb0d334dd4ccf4ba0dedb718b3fd54) Importer(815301076,1909f56bfc062723c751e8b465ee728b)
Start importing Assets/WrappingRope/Textures using Guid(fcfb0d334dd4ccf4ba0dedb718b3fd54) Importer(815301076,1909f56bfc062723c751e8b465ee728b)  -> (artifact id: '816a94a92f88257cd71440725698735d') in 0.009644 seconds 
  Import took 0.013635 seconds .

========================================================================
Received Import Request.
  Time since last request: 0.000928 seconds.
  path: Assets/WrappingRope/Textures
  artifactKey: Guid(fcfb0d334dd4ccf4ba0dedb718b3fd54) Importer(815301076,1909f56bfc062723c751e8b465ee728b)
Start importing Assets/WrappingRope/Textures using Guid(fcfb0d334dd4ccf4ba0dedb718b3fd54) Importer(815301076,1909f56bfc062723c751e8b465ee728b)  -> (artifact id: '816a94a92f88257cd71440725698735d') in 0.002755 seconds 
  Import took 0.005914 seconds .

========================================================================
Received Import Request.
  Time since last request: 2.826239 seconds.
  path: Assets/WrappingRope/Scripts
  artifactKey: Guid(90e1f62a7631d3b43a3a1813bd46313e) Importer(815301076,1909f56bfc062723c751e8b465ee728b)
Start importing Assets/WrappingRope/Scripts using Guid(90e1f62a7631d3b43a3a1813bd46313e) Importer(815301076,1909f56bfc062723c751e8b465ee728b)  -> (artifact id: '13991f1b03aab5133c63bd349e3551b1') in 0.015108 seconds 
  Import took 0.020801 seconds .

========================================================================
Received Import Request.
  Time since last request: 0.001068 seconds.
  path: Assets/WrappingRope/Scripts
  artifactKey: Guid(90e1f62a7631d3b43a3a1813bd46313e) Importer(815301076,1909f56bfc062723c751e8b465ee728b)
Start importing Assets/WrappingRope/Scripts using Guid(90e1f62a7631d3b43a3a1813bd46313e) Importer(815301076,1909f56bfc062723c751e8b465ee728b)  -> (artifact id: '13991f1b03aab5133c63bd349e3551b1') in 0.004450 seconds 
  Import took 0.010923 seconds .

========================================================================
Received Import Request.
  Time since last request: 4.358598 seconds.
  path: Assets/WrappingRope/Materials
  artifactKey: Guid(e2fb02fd16335f3438cee45f845b6ad3) Importer(815301076,1909f56bfc062723c751e8b465ee728b)
Start importing Assets/WrappingRope/Materials using Guid(e2fb02fd16335f3438cee45f845b6ad3) Importer(815301076,1909f56bfc062723c751e8b465ee728b)  -> (artifact id: '2948455dbb4dda44a0ea3cb39012a131') in 0.031530 seconds 
  Import took 0.071824 seconds .

========================================================================
Received Prepare
Registering precompiled user dll's ...
Registered in 0.009539 seconds.
Begin MonoManager ReloadAssembly
Native extension for WindowsStandalone target not found
Native extension for WebGL target not found
Refreshing native plugins compatible for Editor in 0.71 ms, found 2 plugins.
Preloading 0 native plugins for Editor in 0.00 ms.
Mono: successfully reloaded assembly
- Completed reload, in  3.563 seconds
Domain Reload Profiling:
	ReloadAssembly (3564ms)
		BeginReloadAssembly (309ms)
			ExecutionOrderSort (0ms)
			DisableScriptedObjects (16ms)
			BackupInstance (0ms)
			ReleaseScriptingObjects (0ms)
			CreateAndSetChildDomain (108ms)
		EndReloadAssembly (3129ms)
			LoadAssemblies (192ms)
			RebuildTransferFunctionScriptingTraits (0ms)
			SetupTypeCache (753ms)
			ReleaseScriptCaches (2ms)
			RebuildScriptCaches (288ms)
			SetupLoadedEditorAssemblies (1669ms)
				LogAssemblyErrors (0ms)
				InitializePlatformSupportModulesInManaged (13ms)
				SetLoadedEditorAssemblies (1ms)
				RefreshPlugins (1ms)
				BeforeProcessingInitializeOnLoad (161ms)
				ProcessInitializeOnLoadAttributes (1479ms)
				ProcessInitializeOnLoadMethodAttributes (8ms)
				AfterProcessingInitializeOnLoad (6ms)
				EditorAssembliesLoaded (1ms)
			ExecutionOrderSort2 (0ms)
			AwakeInstancesAfterBackupRestoration (17ms)
Platform modules already initialized, skipping
Refreshing native plugins compatible for Editor in 0.71 ms, found 2 plugins.
Preloading 0 native plugins for Editor in 0.00 ms.
Unloading 1440 Unused Serialized files (Serialized files now loaded: 0)
System memory in use before: 74.1 MB.
System memory in use after: 74.3 MB.

Unloading 13 unused Assets to reduce memory usage. Loaded Objects now: 1941.
Total: 5.660700 ms (FindLiveObjects: 0.207900 ms CreateObjectMapping: 0.087000 ms MarkObjects: 5.338400 ms  DeleteObjects: 0.024900 ms)

AssetImportParameters requested are different than current active one (requested -> active):
  custom:framework-win-MediaFoundation: 216162199b28c13a410421893ffa2e32 -> 
  custom:video-decoder-ogg-theora: a1e56fd34408186e4bbccfd4996cb3dc -> 
  custom:container-muxer-webm: aa71ff27fc2769a1b78a27578f13a17b -> 
  custom:container-demuxer-webm: 4f35f7cbe854078d1ac9338744f61a02 -> 
  custom:container-demuxer-ogg: 62fdf1f143b41e24485cea50d1cbac27 -> 
  custom:video-encoder-webm-vp8: eb34c28f22e8b96e1ab97ce403110664 -> 
  custom:video-decoder-webm-vp8: 9c59270c3fd7afecdb556c50c9e8de78 -> 
  custom:audio-decoder-ogg-vorbis: bf7c407c2cedff20999df2af8eb42d56 -> 
  custom:audio-encoder-webm-vorbis: bf7c407c2cedff20999df2af8eb42d56 -> 
========================================================================
Received Prepare
Registering precompiled user dll's ...
Registered in 0.008766 seconds.
Begin MonoManager ReloadAssembly
Native extension for WindowsStandalone target not found
Native extension for WebGL target not found
Refreshing native plugins compatible for Editor in 0.91 ms, found 2 plugins.
Preloading 0 native plugins for Editor in 0.00 ms.
Mono: successfully reloaded assembly
- Completed reload, in  7.898 seconds
Domain Reload Profiling:
	ReloadAssembly (7899ms)
		BeginReloadAssembly (258ms)
			ExecutionOrderSort (0ms)
			DisableScriptedObjects (21ms)
			BackupInstance (0ms)
			ReleaseScriptingObjects (0ms)
			CreateAndSetChildDomain (73ms)
		EndReloadAssembly (7445ms)
			LoadAssemblies (306ms)
			RebuildTransferFunctionScriptingTraits (0ms)
			SetupTypeCache (1769ms)
			ReleaseScriptCaches (3ms)
			RebuildScriptCaches (315ms)
			SetupLoadedEditorAssemblies (4317ms)
				LogAssemblyErrors (0ms)
				InitializePlatformSupportModulesInManaged (34ms)
				SetLoadedEditorAssemblies (1ms)
				RefreshPlugins (1ms)
				BeforeProcessingInitializeOnLoad (622ms)
				ProcessInitializeOnLoadAttributes (3640ms)
				ProcessInitializeOnLoadMethodAttributes (8ms)
				AfterProcessingInitializeOnLoad (10ms)
				EditorAssembliesLoaded (1ms)
			ExecutionOrderSort2 (0ms)
			AwakeInstancesAfterBackupRestoration (24ms)
Platform modules already initialized, skipping
Refreshing native plugins compatible for Editor in 0.91 ms, found 2 plugins.
Preloading 0 native plugins for Editor in 0.00 ms.
Unloading 1440 Unused Serialized files (Serialized files now loaded: 0)
System memory in use before: 74.2 MB.
System memory in use after: 74.3 MB.

Unloading 13 unused Assets to reduce memory usage. Loaded Objects now: 1943.
Total: 7.806700 ms (FindLiveObjects: 0.340600 ms CreateObjectMapping: 0.099300 ms MarkObjects: 7.325500 ms  DeleteObjects: 0.038400 ms)

AssetImportParameters requested are different than current active one (requested -> active):
  custom:framework-win-MediaFoundation: 216162199b28c13a410421893ffa2e32 -> 
  custom:video-decoder-ogg-theora: a1e56fd34408186e4bbccfd4996cb3dc -> 
  custom:container-muxer-webm: aa71ff27fc2769a1b78a27578f13a17b -> 
  custom:container-demuxer-webm: 4f35f7cbe854078d1ac9338744f61a02 -> 
  custom:container-demuxer-ogg: 62fdf1f143b41e24485cea50d1cbac27 -> 
  custom:video-encoder-webm-vp8: eb34c28f22e8b96e1ab97ce403110664 -> 
  custom:video-decoder-webm-vp8: 9c59270c3fd7afecdb556c50c9e8de78 -> 
  custom:audio-decoder-ogg-vorbis: bf7c407c2cedff20999df2af8eb42d56 -> 
  custom:audio-encoder-webm-vorbis: bf7c407c2cedff20999df2af8eb42d56 -> 
========================================================================
Received Prepare
Registering precompiled user dll's ...
Registered in 0.007367 seconds.
Begin MonoManager ReloadAssembly
Native extension for WindowsStandalone target not found
Native extension for WebGL target not found
Refreshing native plugins compatible for Editor in 0.65 ms, found 2 plugins.
Preloading 0 native plugins for Editor in 0.00 ms.
Mono: successfully reloaded assembly
- Completed reload, in  3.607 seconds
Domain Reload Profiling:
	ReloadAssembly (3608ms)
		BeginReloadAssembly (215ms)
			ExecutionOrderSort (0ms)
			DisableScriptedObjects (15ms)
			BackupInstance (0ms)
			ReleaseScriptingObjects (0ms)
			CreateAndSetChildDomain (54ms)
		EndReloadAssembly (3279ms)
			LoadAssemblies (190ms)
			RebuildTransferFunctionScriptingTraits (0ms)
			SetupTypeCache (760ms)
			ReleaseScriptCaches (3ms)
			RebuildScriptCaches (355ms)
			SetupLoadedEditorAssemblies (1735ms)
				LogAssemblyErrors (0ms)
				InitializePlatformSupportModulesInManaged (13ms)
				SetLoadedEditorAssemblies (1ms)
				RefreshPlugins (1ms)
				BeforeProcessingInitializeOnLoad (141ms)
				ProcessInitializeOnLoadAttributes (1566ms)
				ProcessInitializeOnLoadMethodAttributes (7ms)
				AfterProcessingInitializeOnLoad (5ms)
				EditorAssembliesLoaded (1ms)
			ExecutionOrderSort2 (0ms)
			AwakeInstancesAfterBackupRestoration (15ms)
Platform modules already initialized, skipping
Refreshing native plugins compatible for Editor in 1.04 ms, found 2 plugins.
Preloading 0 native plugins for Editor in 0.00 ms.
Unloading 1440 Unused Serialized files (Serialized files now loaded: 0)
System memory in use before: 74.2 MB.
System memory in use after: 74.3 MB.

Unloading 13 unused Assets to reduce memory usage. Loaded Objects now: 1945.
Total: 10.035000 ms (FindLiveObjects: 0.529900 ms CreateObjectMapping: 0.131500 ms MarkObjects: 9.329300 ms  DeleteObjects: 0.039100 ms)

AssetImportParameters requested are different than current active one (requested -> active):
  custom:framework-win-MediaFoundation: 216162199b28c13a410421893ffa2e32 -> 
  custom:video-decoder-ogg-theora: a1e56fd34408186e4bbccfd4996cb3dc -> 
  custom:container-muxer-webm: aa71ff27fc2769a1b78a27578f13a17b -> 
  custom:container-demuxer-webm: 4f35f7cbe854078d1ac9338744f61a02 -> 
  custom:container-demuxer-ogg: 62fdf1f143b41e24485cea50d1cbac27 -> 
  custom:video-encoder-webm-vp8: eb34c28f22e8b96e1ab97ce403110664 -> 
  custom:video-decoder-webm-vp8: 9c59270c3fd7afecdb556c50c9e8de78 -> 
  custom:audio-decoder-ogg-vorbis: bf7c407c2cedff20999df2af8eb42d56 -> 
  custom:audio-encoder-webm-vorbis: bf7c407c2cedff20999df2af8eb42d56 -> 
========================================================================
Received Prepare
Registering precompiled user dll's ...
Registered in 0.008620 seconds.
Begin MonoManager ReloadAssembly
Native extension for WindowsStandalone target not found
Native extension for WebGL target not found
Refreshing native plugins compatible for Editor in 0.63 ms, found 2 plugins.
Preloading 0 native plugins for Editor in 0.00 ms.
Mono: successfully reloaded assembly
- Completed reload, in  3.369 seconds
Domain Reload Profiling:
	ReloadAssembly (3370ms)
		BeginReloadAssembly (337ms)
			ExecutionOrderSort (0ms)
			DisableScriptedObjects (15ms)
			BackupInstance (0ms)
			ReleaseScriptingObjects (0ms)
			CreateAndSetChildDomain (96ms)
		EndReloadAssembly (2917ms)
			LoadAssemblies (234ms)
			RebuildTransferFunctionScriptingTraits (0ms)
			SetupTypeCache (759ms)
			ReleaseScriptCaches (1ms)
			RebuildScriptCaches (145ms)
			SetupLoadedEditorAssemblies (1476ms)
				LogAssemblyErrors (0ms)
				InitializePlatformSupportModulesInManaged (13ms)
				SetLoadedEditorAssemblies (1ms)
				RefreshPlugins (1ms)
				BeforeProcessingInitializeOnLoad (142ms)
				ProcessInitializeOnLoadAttributes (1304ms)
				ProcessInitializeOnLoadMethodAttributes (9ms)
				AfterProcessingInitializeOnLoad (6ms)
				EditorAssembliesLoaded (1ms)
			ExecutionOrderSort2 (0ms)
			AwakeInstancesAfterBackupRestoration (15ms)
Platform modules already initialized, skipping
Refreshing native plugins compatible for Editor in 1.25 ms, found 2 plugins.
Preloading 0 native plugins for Editor in 0.00 ms.
Unloading 1440 Unused Serialized files (Serialized files now loaded: 0)
System memory in use before: 74.2 MB.
System memory in use after: 74.3 MB.

Unloading 13 unused Assets to reduce memory usage. Loaded Objects now: 1947.
Total: 8.976900 ms (FindLiveObjects: 0.410400 ms CreateObjectMapping: 0.115100 ms MarkObjects: 8.408400 ms  DeleteObjects: 0.039500 ms)

AssetImportParameters requested are different than current active one (requested -> active):
  custom:framework-win-MediaFoundation: 216162199b28c13a410421893ffa2e32 -> 
  custom:video-decoder-ogg-theora: a1e56fd34408186e4bbccfd4996cb3dc -> 
  custom:container-muxer-webm: aa71ff27fc2769a1b78a27578f13a17b -> 
  custom:container-demuxer-webm: 4f35f7cbe854078d1ac9338744f61a02 -> 
  custom:container-demuxer-ogg: 62fdf1f143b41e24485cea50d1cbac27 -> 
  custom:video-encoder-webm-vp8: eb34c28f22e8b96e1ab97ce403110664 -> 
  custom:video-decoder-webm-vp8: 9c59270c3fd7afecdb556c50c9e8de78 -> 
  custom:audio-decoder-ogg-vorbis: bf7c407c2cedff20999df2af8eb42d56 -> 
  custom:audio-encoder-webm-vorbis: bf7c407c2cedff20999df2af8eb42d56 -> 
========================================================================
Received Prepare
Registering precompiled user dll's ...
Registered in 0.009063 seconds.
Begin MonoManager ReloadAssembly
Native extension for WindowsStandalone target not found
Native extension for WebGL target not found
Refreshing native plugins compatible for Editor in 1.20 ms, found 2 plugins.
Preloading 0 native plugins for Editor in 0.00 ms.
Mono: successfully reloaded assembly
- Completed reload, in  3.673 seconds
Domain Reload Profiling:
	ReloadAssembly (3673ms)
		BeginReloadAssembly (343ms)
			ExecutionOrderSort (0ms)
			DisableScriptedObjects (10ms)
			BackupInstance (0ms)
			ReleaseScriptingObjects (0ms)
			CreateAndSetChildDomain (106ms)
		EndReloadAssembly (3140ms)
			LoadAssemblies (254ms)
			RebuildTransferFunctionScriptingTraits (0ms)
			SetupTypeCache (732ms)
			ReleaseScriptCaches (1ms)
			RebuildScriptCaches (97ms)
			SetupLoadedEditorAssemblies (1712ms)
				LogAssemblyErrors (0ms)
				InitializePlatformSupportModulesInManaged (21ms)
				SetLoadedEditorAssemblies (2ms)
				RefreshPlugins (1ms)
				BeforeProcessingInitializeOnLoad (156ms)
				ProcessInitializeOnLoadAttributes (1519ms)
				ProcessInitializeOnLoadMethodAttributes (7ms)
				AfterProcessingInitializeOnLoad (5ms)
				EditorAssembliesLoaded (1ms)
			ExecutionOrderSort2 (0ms)
			AwakeInstancesAfterBackupRestoration (14ms)
Platform modules already initialized, skipping
Refreshing native plugins compatible for Editor in 0.99 ms, found 2 plugins.
Preloading 0 native plugins for Editor in 0.00 ms.
Unloading 1440 Unused Serialized files (Serialized files now loaded: 0)
System memory in use before: 74.2 MB.
System memory in use after: 74.3 MB.

Unloading 13 unused Assets to reduce memory usage. Loaded Objects now: 1949.
Total: 8.953900 ms (FindLiveObjects: 0.331900 ms CreateObjectMapping: 0.104800 ms MarkObjects: 8.468400 ms  DeleteObjects: 0.044800 ms)

AssetImportParameters requested are different than current active one (requested -> active):
  custom:framework-win-MediaFoundation: 216162199b28c13a410421893ffa2e32 -> 
  custom:video-decoder-ogg-theora: a1e56fd34408186e4bbccfd4996cb3dc -> 
  custom:container-muxer-webm: aa71ff27fc2769a1b78a27578f13a17b -> 
  custom:container-demuxer-webm: 4f35f7cbe854078d1ac9338744f61a02 -> 
  custom:container-demuxer-ogg: 62fdf1f143b41e24485cea50d1cbac27 -> 
  custom:video-encoder-webm-vp8: eb34c28f22e8b96e1ab97ce403110664 -> 
  custom:video-decoder-webm-vp8: 9c59270c3fd7afecdb556c50c9e8de78 -> 
  custom:audio-decoder-ogg-vorbis: bf7c407c2cedff20999df2af8eb42d56 -> 
  custom:audio-encoder-webm-vorbis: bf7c407c2cedff20999df2af8eb42d56 -> 
========================================================================
Received Prepare
Registering precompiled user dll's ...
Registered in 0.005301 seconds.
Begin MonoManager ReloadAssembly
Native extension for WindowsStandalone target not found
Native extension for WebGL target not found
Refreshing native plugins compatible for Editor in 0.75 ms, found 2 plugins.
Preloading 0 native plugins for Editor in 0.00 ms.
Mono: successfully reloaded assembly
- Completed reload, in  3.208 seconds
Domain Reload Profiling:
	ReloadAssembly (3209ms)
		BeginReloadAssembly (211ms)
			ExecutionOrderSort (0ms)
			DisableScriptedObjects (10ms)
			BackupInstance (0ms)
			ReleaseScriptingObjects (0ms)
			CreateAndSetChildDomain (55ms)
		EndReloadAssembly (2842ms)
			LoadAssemblies (233ms)
			RebuildTransferFunctionScriptingTraits (0ms)
			SetupTypeCache (720ms)
			ReleaseScriptCaches (3ms)
			RebuildScriptCaches (175ms)
			SetupLoadedEditorAssemblies (1503ms)
				LogAssemblyErrors (0ms)
				InitializePlatformSupportModulesInManaged (12ms)
				SetLoadedEditorAssemblies (1ms)
				RefreshPlugins (1ms)
				BeforeProcessingInitializeOnLoad (162ms)
				ProcessInitializeOnLoadAttributes (1314ms)
				ProcessInitializeOnLoadMethodAttributes (7ms)
				AfterProcessingInitializeOnLoad (5ms)
				EditorAssembliesLoaded (1ms)
			ExecutionOrderSort2 (0ms)
			AwakeInstancesAfterBackupRestoration (14ms)
Platform modules already initialized, skipping
Refreshing native plugins compatible for Editor in 1.22 ms, found 2 plugins.
Preloading 0 native plugins for Editor in 0.00 ms.
Unloading 1441 Unused Serialized files (Serialized files now loaded: 0)
System memory in use before: 74.2 MB.
System memory in use after: 74.3 MB.

Unloading 13 unused Assets to reduce memory usage. Loaded Objects now: 1952.
Total: 8.366400 ms (FindLiveObjects: 0.379700 ms CreateObjectMapping: 0.109700 ms MarkObjects: 7.834400 ms  DeleteObjects: 0.039200 ms)

AssetImportParameters requested are different than current active one (requested -> active):
  custom:framework-win-MediaFoundation: 216162199b28c13a410421893ffa2e32 -> 
  custom:video-decoder-ogg-theora: a1e56fd34408186e4bbccfd4996cb3dc -> 
  custom:container-muxer-webm: aa71ff27fc2769a1b78a27578f13a17b -> 
  custom:container-demuxer-webm: 4f35f7cbe854078d1ac9338744f61a02 -> 
  custom:container-demuxer-ogg: 62fdf1f143b41e24485cea50d1cbac27 -> 
  custom:video-encoder-webm-vp8: eb34c28f22e8b96e1ab97ce403110664 -> 
  custom:video-decoder-webm-vp8: 9c59270c3fd7afecdb556c50c9e8de78 -> 
  custom:audio-decoder-ogg-vorbis: bf7c407c2cedff20999df2af8eb42d56 -> 
  custom:audio-encoder-webm-vorbis: bf7c407c2cedff20999df2af8eb42d56 -> 
========================================================================
Received Prepare
Registering precompiled user dll's ...
Registered in 0.005829 seconds.
Begin MonoManager ReloadAssembly
Native extension for WindowsStandalone target not found
Native extension for WebGL target not found
Refreshing native plugins compatible for Editor in 1.29 ms, found 2 plugins.
Preloading 0 native plugins for Editor in 0.00 ms.
Mono: successfully reloaded assembly
- Completed reload, in  3.838 seconds
Domain Reload Profiling:
	ReloadAssembly (3838ms)
		BeginReloadAssembly (262ms)
			ExecutionOrderSort (0ms)
			DisableScriptedObjects (10ms)
			BackupInstance (0ms)
			ReleaseScriptingObjects (0ms)
			CreateAndSetChildDomain (58ms)
		EndReloadAssembly (3323ms)
			LoadAssemblies (281ms)
			RebuildTransferFunctionScriptingTraits (0ms)
			SetupTypeCache (829ms)
			ReleaseScriptCaches (1ms)
			RebuildScriptCaches (106ms)
			SetupLoadedEditorAssemblies (1921ms)
				LogAssemblyErrors (0ms)
				InitializePlatformSupportModulesInManaged (21ms)
				SetLoadedEditorAssemblies (2ms)
				RefreshPlugins (2ms)
				BeforeProcessingInitializeOnLoad (315ms)
				ProcessInitializeOnLoadAttributes (1568ms)
				ProcessInitializeOnLoadMethodAttributes (7ms)
				AfterProcessingInitializeOnLoad (5ms)
				EditorAssembliesLoaded (1ms)
			ExecutionOrderSort2 (0ms)
			AwakeInstancesAfterBackupRestoration (15ms)
Platform modules already initialized, skipping
Refreshing native plugins compatible for Editor in 0.70 ms, found 2 plugins.
Preloading 0 native plugins for Editor in 0.00 ms.
Unloading 1441 Unused Serialized files (Serialized files now loaded: 0)
System memory in use before: 74.2 MB.
System memory in use after: 74.3 MB.

Unloading 13 unused Assets to reduce memory usage. Loaded Objects now: 1954.
Total: 8.311800 ms (FindLiveObjects: 0.359700 ms CreateObjectMapping: 0.113000 ms MarkObjects: 7.796200 ms  DeleteObjects: 0.040000 ms)

AssetImportParameters requested are different than current active one (requested -> active):
  custom:framework-win-MediaFoundation: 216162199b28c13a410421893ffa2e32 -> 
  custom:video-decoder-ogg-theora: a1e56fd34408186e4bbccfd4996cb3dc -> 
  custom:container-muxer-webm: aa71ff27fc2769a1b78a27578f13a17b -> 
  custom:container-demuxer-webm: 4f35f7cbe854078d1ac9338744f61a02 -> 
  custom:container-demuxer-ogg: 62fdf1f143b41e24485cea50d1cbac27 -> 
  custom:video-encoder-webm-vp8: eb34c28f22e8b96e1ab97ce403110664 -> 
  custom:video-decoder-webm-vp8: 9c59270c3fd7afecdb556c50c9e8de78 -> 
  custom:audio-decoder-ogg-vorbis: bf7c407c2cedff20999df2af8eb42d56 -> 
  custom:audio-encoder-webm-vorbis: bf7c407c2cedff20999df2af8eb42d56 -> 
========================================================================
Received Prepare
Registering precompiled user dll's ...
Registered in 0.005210 seconds.
Begin MonoManager ReloadAssembly
Native extension for WindowsStandalone target not found
Native extension for WebGL target not found
Refreshing native plugins compatible for Editor in 0.70 ms, found 2 plugins.
Preloading 0 native plugins for Editor in 0.00 ms.
Mono: successfully reloaded assembly
- Completed reload, in  3.170 seconds
Domain Reload Profiling:
	ReloadAssembly (3171ms)
		BeginReloadAssembly (198ms)
			ExecutionOrderSort (0ms)
			DisableScriptedObjects (9ms)
			BackupInstance (0ms)
			ReleaseScriptingObjects (0ms)
			CreateAndSetChildDomain (55ms)
		EndReloadAssembly (2791ms)
			LoadAssemblies (238ms)
			RebuildTransferFunctionScriptingTraits (0ms)
			SetupTypeCache (603ms)
			ReleaseScriptCaches (4ms)
			RebuildScriptCaches (221ms)
			SetupLoadedEditorAssemblies (1475ms)
				LogAssemblyErrors (0ms)
				InitializePlatformSupportModulesInManaged (13ms)
				SetLoadedEditorAssemblies (1ms)
				RefreshPlugins (1ms)
				BeforeProcessingInitializeOnLoad (190ms)
				ProcessInitializeOnLoadAttributes (1256ms)
				ProcessInitializeOnLoadMethodAttributes (7ms)
				AfterProcessingInitializeOnLoad (7ms)
				EditorAssembliesLoaded (1ms)
			ExecutionOrderSort2 (0ms)
			AwakeInstancesAfterBackupRestoration (15ms)
Platform modules already initialized, skipping
Refreshing native plugins compatible for Editor in 1.30 ms, found 2 plugins.
Preloading 0 native plugins for Editor in 0.00 ms.
Unloading 1441 Unused Serialized files (Serialized files now loaded: 0)
System memory in use before: 74.2 MB.
System memory in use after: 74.3 MB.

Unloading 13 unused Assets to reduce memory usage. Loaded Objects now: 1956.
Total: 7.322000 ms (FindLiveObjects: 0.428900 ms CreateObjectMapping: 0.122300 ms MarkObjects: 6.728000 ms  DeleteObjects: 0.039400 ms)

AssetImportParameters requested are different than current active one (requested -> active):
  custom:framework-win-MediaFoundation: 216162199b28c13a410421893ffa2e32 -> 
  custom:video-decoder-ogg-theora: a1e56fd34408186e4bbccfd4996cb3dc -> 
  custom:container-muxer-webm: aa71ff27fc2769a1b78a27578f13a17b -> 
  custom:container-demuxer-webm: 4f35f7cbe854078d1ac9338744f61a02 -> 
  custom:container-demuxer-ogg: 62fdf1f143b41e24485cea50d1cbac27 -> 
  custom:video-encoder-webm-vp8: eb34c28f22e8b96e1ab97ce403110664 -> 
  custom:video-decoder-webm-vp8: 9c59270c3fd7afecdb556c50c9e8de78 -> 
  custom:audio-decoder-ogg-vorbis: bf7c407c2cedff20999df2af8eb42d56 -> 
  custom:audio-encoder-webm-vorbis: bf7c407c2cedff20999df2af8eb42d56 -> 
========================================================================
Received Prepare
Registering precompiled user dll's ...
Registered in 0.005144 seconds.
Begin MonoManager ReloadAssembly
Native extension for WindowsStandalone target not found
Native extension for WebGL target not found
Refreshing native plugins compatible for Editor in 0.62 ms, found 2 plugins.
Preloading 0 native plugins for Editor in 0.00 ms.
Mono: successfully reloaded assembly
- Completed reload, in  3.500 seconds
Domain Reload Profiling:
	ReloadAssembly (3501ms)
		BeginReloadAssembly (209ms)
			ExecutionOrderSort (0ms)
			DisableScriptedObjects (9ms)
			BackupInstance (0ms)
			ReleaseScriptingObjects (0ms)
			CreateAndSetChildDomain (60ms)
		EndReloadAssembly (3148ms)
			LoadAssemblies (226ms)
			RebuildTransferFunctionScriptingTraits (0ms)
			SetupTypeCache (854ms)
			ReleaseScriptCaches (3ms)
			RebuildScriptCaches (151ms)
			SetupLoadedEditorAssemblies (1653ms)
				LogAssemblyErrors (0ms)
				InitializePlatformSupportModulesInManaged (13ms)
				SetLoadedEditorAssemblies (1ms)
				RefreshPlugins (1ms)
				BeforeProcessingInitializeOnLoad (294ms)
				ProcessInitializeOnLoadAttributes (1317ms)
				ProcessInitializeOnLoadMethodAttributes (11ms)
				AfterProcessingInitializeOnLoad (16ms)
				EditorAssembliesLoaded (1ms)
			ExecutionOrderSort2 (0ms)
			AwakeInstancesAfterBackupRestoration (29ms)
Platform modules already initialized, skipping
Refreshing native plugins compatible for Editor in 0.64 ms, found 2 plugins.
Preloading 0 native plugins for Editor in 0.00 ms.
Unloading 1441 Unused Serialized files (Serialized files now loaded: 0)
System memory in use before: 74.2 MB.
System memory in use after: 74.3 MB.

Unloading 13 unused Assets to reduce memory usage. Loaded Objects now: 1958.
Total: 5.516800 ms (FindLiveObjects: 0.216100 ms CreateObjectMapping: 0.090500 ms MarkObjects: 5.180600 ms  DeleteObjects: 0.027000 ms)

AssetImportParameters requested are different than current active one (requested -> active):
  custom:framework-win-MediaFoundation: 216162199b28c13a410421893ffa2e32 -> 
  custom:video-decoder-ogg-theora: a1e56fd34408186e4bbccfd4996cb3dc -> 
  custom:container-muxer-webm: aa71ff27fc2769a1b78a27578f13a17b -> 
  custom:container-demuxer-webm: 4f35f7cbe854078d1ac9338744f61a02 -> 
  custom:container-demuxer-ogg: 62fdf1f143b41e24485cea50d1cbac27 -> 
  custom:video-encoder-webm-vp8: eb34c28f22e8b96e1ab97ce403110664 -> 
  custom:video-decoder-webm-vp8: 9c59270c3fd7afecdb556c50c9e8de78 -> 
  custom:audio-decoder-ogg-vorbis: bf7c407c2cedff20999df2af8eb42d56 -> 
  custom:audio-encoder-webm-vorbis: bf7c407c2cedff20999df2af8eb42d56 -> 
========================================================================
Received Prepare
Registering precompiled user dll's ...
Registered in 0.005307 seconds.
Begin MonoManager ReloadAssembly
Native extension for WindowsStandalone target not found
Native extension for WebGL target not found
Refreshing native plugins compatible for Editor in 0.98 ms, found 2 plugins.
Preloading 0 native plugins for Editor in 0.00 ms.
Mono: successfully reloaded assembly
- Completed reload, in  3.692 seconds
Domain Reload Profiling:
	ReloadAssembly (3692ms)
		BeginReloadAssembly (224ms)
			ExecutionOrderSort (0ms)
			DisableScriptedObjects (10ms)
			BackupInstance (0ms)
			ReleaseScriptingObjects (0ms)
			CreateAndSetChildDomain (55ms)
		EndReloadAssembly (3210ms)
			LoadAssemblies (235ms)
			RebuildTransferFunctionScriptingTraits (0ms)
			SetupTypeCache (793ms)
			ReleaseScriptCaches (1ms)
			RebuildScriptCaches (92ms)
			SetupLoadedEditorAssemblies (1868ms)
				LogAssemblyErrors (0ms)
				InitializePlatformSupportModulesInManaged (22ms)
				SetLoadedEditorAssemblies (1ms)
				RefreshPlugins (1ms)
				BeforeProcessingInitializeOnLoad (328ms)
				ProcessInitializeOnLoadAttributes (1495ms)
				ProcessInitializeOnLoadMethodAttributes (11ms)
				AfterProcessingInitializeOnLoad (9ms)
				EditorAssembliesLoaded (1ms)
			ExecutionOrderSort2 (0ms)
			AwakeInstancesAfterBackupRestoration (16ms)
Platform modules already initialized, skipping
Refreshing native plugins compatible for Editor in 0.92 ms, found 2 plugins.
Preloading 0 native plugins for Editor in 0.00 ms.
Unloading 1441 Unused Serialized files (Serialized files now loaded: 0)
System memory in use before: 74.2 MB.
System memory in use after: 74.3 MB.

Unloading 13 unused Assets to reduce memory usage. Loaded Objects now: 1960.
Total: 6.308000 ms (FindLiveObjects: 0.305200 ms CreateObjectMapping: 0.100000 ms MarkObjects: 5.861400 ms  DeleteObjects: 0.038700 ms)

AssetImportParameters requested are different than current active one (requested -> active):
  custom:framework-win-MediaFoundation: 216162199b28c13a410421893ffa2e32 -> 
  custom:video-decoder-ogg-theora: a1e56fd34408186e4bbccfd4996cb3dc -> 
  custom:container-muxer-webm: aa71ff27fc2769a1b78a27578f13a17b -> 
  custom:container-demuxer-webm: 4f35f7cbe854078d1ac9338744f61a02 -> 
  custom:container-demuxer-ogg: 62fdf1f143b41e24485cea50d1cbac27 -> 
  custom:video-encoder-webm-vp8: eb34c28f22e8b96e1ab97ce403110664 -> 
  custom:video-decoder-webm-vp8: 9c59270c3fd7afecdb556c50c9e8de78 -> 
  custom:audio-decoder-ogg-vorbis: bf7c407c2cedff20999df2af8eb42d56 -> 
  custom:audio-encoder-webm-vorbis: bf7c407c2cedff20999df2af8eb42d56 -> 
========================================================================
Received Prepare
Registering precompiled user dll's ...
Registered in 0.005360 seconds.
Begin MonoManager ReloadAssembly
Native extension for WindowsStandalone target not found
Native extension for WebGL target not found
Refreshing native plugins compatible for Editor in 0.65 ms, found 2 plugins.
Preloading 0 native plugins for Editor in 0.00 ms.
Mono: successfully reloaded assembly
- Completed reload, in  3.419 seconds
Domain Reload Profiling:
	ReloadAssembly (3420ms)
		BeginReloadAssembly (215ms)
			ExecutionOrderSort (0ms)
			DisableScriptedObjects (10ms)
			BackupInstance (0ms)
			ReleaseScriptingObjects (0ms)
			CreateAndSetChildDomain (60ms)
		EndReloadAssembly (3044ms)
			LoadAssemblies (233ms)
			RebuildTransferFunctionScriptingTraits (0ms)
			SetupTypeCache (850ms)
			ReleaseScriptCaches (2ms)
			RebuildScriptCaches (101ms)
			SetupLoadedEditorAssemblies (1617ms)
				LogAssemblyErrors (0ms)
				InitializePlatformSupportModulesInManaged (13ms)
				SetLoadedEditorAssemblies (1ms)
				RefreshPlugins (1ms)
				BeforeProcessingInitializeOnLoad (229ms)
				ProcessInitializeOnLoadAttributes (1353ms)
				ProcessInitializeOnLoadMethodAttributes (10ms)
				AfterProcessingInitializeOnLoad (9ms)
				EditorAssembliesLoaded (1ms)
			ExecutionOrderSort2 (0ms)
			AwakeInstancesAfterBackupRestoration (25ms)
Platform modules already initialized, skipping
Refreshing native plugins compatible for Editor in 0.65 ms, found 2 plugins.
Preloading 0 native plugins for Editor in 0.00 ms.
Unloading 1441 Unused Serialized files (Serialized files now loaded: 0)
System memory in use before: 74.2 MB.
System memory in use after: 74.4 MB.

Unloading 13 unused Assets to reduce memory usage. Loaded Objects now: 1962.
Total: 5.405900 ms (FindLiveObjects: 0.210900 ms CreateObjectMapping: 0.091600 ms MarkObjects: 5.074100 ms  DeleteObjects: 0.026700 ms)

AssetImportParameters requested are different than current active one (requested -> active):
  custom:framework-win-MediaFoundation: 216162199b28c13a410421893ffa2e32 -> 
  custom:video-decoder-ogg-theora: a1e56fd34408186e4bbccfd4996cb3dc -> 
  custom:container-muxer-webm: aa71ff27fc2769a1b78a27578f13a17b -> 
  custom:container-demuxer-webm: 4f35f7cbe854078d1ac9338744f61a02 -> 
  custom:container-demuxer-ogg: 62fdf1f143b41e24485cea50d1cbac27 -> 
  custom:video-encoder-webm-vp8: eb34c28f22e8b96e1ab97ce403110664 -> 
  custom:video-decoder-webm-vp8: 9c59270c3fd7afecdb556c50c9e8de78 -> 
  custom:audio-decoder-ogg-vorbis: bf7c407c2cedff20999df2af8eb42d56 -> 
  custom:audio-encoder-webm-vorbis: bf7c407c2cedff20999df2af8eb42d56 -> 
========================================================================
Received Prepare
Registering precompiled user dll's ...
Registered in 0.005527 seconds.
Begin MonoManager ReloadAssembly
Native extension for WindowsStandalone target not found
Native extension for WebGL target not found
Refreshing native plugins compatible for Editor in 1.17 ms, found 2 plugins.
Preloading 0 native plugins for Editor in 0.00 ms.
Mono: successfully reloaded assembly
- Completed reload, in  3.625 seconds
Domain Reload Profiling:
	ReloadAssembly (3626ms)
		BeginReloadAssembly (225ms)
			ExecutionOrderSort (0ms)
			DisableScriptedObjects (10ms)
			BackupInstance (0ms)
			ReleaseScriptingObjects (0ms)
			CreateAndSetChildDomain (56ms)
		EndReloadAssembly (3138ms)
			LoadAssemblies (246ms)
			RebuildTransferFunctionScriptingTraits (0ms)
			SetupTypeCache (766ms)
			ReleaseScriptCaches (2ms)
			RebuildScriptCaches (104ms)
			SetupLoadedEditorAssemblies (1768ms)
				LogAssemblyErrors (0ms)
				InitializePlatformSupportModulesInManaged (19ms)
				SetLoadedEditorAssemblies (1ms)
				RefreshPlugins (1ms)
				BeforeProcessingInitializeOnLoad (292ms)
				ProcessInitializeOnLoadAttributes (1414ms)
				ProcessInitializeOnLoadMethodAttributes (19ms)
				AfterProcessingInitializeOnLoad (19ms)
				EditorAssembliesLoaded (1ms)
			ExecutionOrderSort2 (0ms)
			AwakeInstancesAfterBackupRestoration (28ms)
Platform modules already initialized, skipping
Refreshing native plugins compatible for Editor in 0.77 ms, found 2 plugins.
Preloading 0 native plugins for Editor in 0.00 ms.
Unloading 1441 Unused Serialized files (Serialized files now loaded: 0)
System memory in use before: 74.3 MB.
System memory in use after: 74.4 MB.

Unloading 13 unused Assets to reduce memory usage. Loaded Objects now: 1964.
Total: 5.676200 ms (FindLiveObjects: 0.205400 ms CreateObjectMapping: 0.092000 ms MarkObjects: 5.350300 ms  DeleteObjects: 0.026300 ms)

AssetImportParameters requested are different than current active one (requested -> active):
  custom:framework-win-MediaFoundation: 216162199b28c13a410421893ffa2e32 -> 
  custom:video-decoder-ogg-theora: a1e56fd34408186e4bbccfd4996cb3dc -> 
  custom:container-muxer-webm: aa71ff27fc2769a1b78a27578f13a17b -> 
  custom:container-demuxer-webm: 4f35f7cbe854078d1ac9338744f61a02 -> 
  custom:container-demuxer-ogg: 62fdf1f143b41e24485cea50d1cbac27 -> 
  custom:video-encoder-webm-vp8: eb34c28f22e8b96e1ab97ce403110664 -> 
  custom:video-decoder-webm-vp8: 9c59270c3fd7afecdb556c50c9e8de78 -> 
  custom:audio-decoder-ogg-vorbis: bf7c407c2cedff20999df2af8eb42d56 -> 
  custom:audio-encoder-webm-vorbis: bf7c407c2cedff20999df2af8eb42d56 -> 
========================================================================
Received Prepare
Registering precompiled user dll's ...
Registered in 0.005595 seconds.
Begin MonoManager ReloadAssembly
Native extension for WindowsStandalone target not found
Native extension for WebGL target not found
Refreshing native plugins compatible for Editor in 0.69 ms, found 2 plugins.
Preloading 0 native plugins for Editor in 0.00 ms.
Mono: successfully reloaded assembly
- Completed reload, in  2.477 seconds
Domain Reload Profiling:
	ReloadAssembly (2478ms)
		BeginReloadAssembly (204ms)
			ExecutionOrderSort (0ms)
			DisableScriptedObjects (10ms)
			BackupInstance (0ms)
			ReleaseScriptingObjects (0ms)
			CreateAndSetChildDomain (57ms)
		EndReloadAssembly (2157ms)
			LoadAssemblies (173ms)
			RebuildTransferFunctionScriptingTraits (0ms)
			SetupTypeCache (518ms)
			ReleaseScriptCaches (1ms)
			RebuildScriptCaches (101ms)
			SetupLoadedEditorAssemblies (1176ms)
				LogAssemblyErrors (0ms)
				InitializePlatformSupportModulesInManaged (13ms)
				SetLoadedEditorAssemblies (1ms)
				RefreshPlugins (1ms)
				BeforeProcessingInitializeOnLoad (151ms)
				ProcessInitializeOnLoadAttributes (997ms)
				ProcessInitializeOnLoadMethodAttributes (7ms)
				AfterProcessingInitializeOnLoad (5ms)
				EditorAssembliesLoaded (1ms)
			ExecutionOrderSort2 (0ms)
			AwakeInstancesAfterBackupRestoration (15ms)
Platform modules already initialized, skipping
Refreshing native plugins compatible for Editor in 0.68 ms, found 2 plugins.
Preloading 0 native plugins for Editor in 0.00 ms.
Unloading 1441 Unused Serialized files (Serialized files now loaded: 0)
System memory in use before: 74.3 MB.
System memory in use after: 74.4 MB.

Unloading 13 unused Assets to reduce memory usage. Loaded Objects now: 1966.
Total: 5.622700 ms (FindLiveObjects: 0.200800 ms CreateObjectMapping: 0.087900 ms MarkObjects: 5.276600 ms  DeleteObjects: 0.054900 ms)

AssetImportParameters requested are different than current active one (requested -> active):
  custom:framework-win-MediaFoundation: 216162199b28c13a410421893ffa2e32 -> 
  custom:video-decoder-ogg-theora: a1e56fd34408186e4bbccfd4996cb3dc -> 
  custom:container-muxer-webm: aa71ff27fc2769a1b78a27578f13a17b -> 
  custom:container-demuxer-webm: 4f35f7cbe854078d1ac9338744f61a02 -> 
  custom:container-demuxer-ogg: 62fdf1f143b41e24485cea50d1cbac27 -> 
  custom:video-encoder-webm-vp8: eb34c28f22e8b96e1ab97ce403110664 -> 
  custom:video-decoder-webm-vp8: 9c59270c3fd7afecdb556c50c9e8de78 -> 
  custom:audio-decoder-ogg-vorbis: bf7c407c2cedff20999df2af8eb42d56 -> 
  custom:audio-encoder-webm-vorbis: bf7c407c2cedff20999df2af8eb42d56 -> 
========================================================================
Received Prepare
Registering precompiled user dll's ...
Registered in 0.004239 seconds.
Begin MonoManager ReloadAssembly
Native extension for WindowsStandalone target not found
Native extension for WebGL target not found
Refreshing native plugins compatible for Editor in 0.65 ms, found 2 plugins.
Preloading 0 native plugins for Editor in 0.00 ms.
Mono: successfully reloaded assembly
- Completed reload, in  2.318 seconds
Domain Reload Profiling:
	ReloadAssembly (2319ms)
		BeginReloadAssembly (197ms)
			ExecutionOrderSort (0ms)
			DisableScriptedObjects (9ms)
			BackupInstance (0ms)
			ReleaseScriptingObjects (0ms)
			CreateAndSetChildDomain (55ms)
		EndReloadAssembly (2015ms)
			LoadAssemblies (155ms)
			RebuildTransferFunctionScriptingTraits (0ms)
			SetupTypeCache (472ms)
			ReleaseScriptCaches (1ms)
			RebuildScriptCaches (97ms)
			SetupLoadedEditorAssemblies (1106ms)
				LogAssemblyErrors (0ms)
				InitializePlatformSupportModulesInManaged (12ms)
				SetLoadedEditorAssemblies (1ms)
				RefreshPlugins (1ms)
				BeforeProcessingInitializeOnLoad (132ms)
				ProcessInitializeOnLoadAttributes (949ms)
				ProcessInitializeOnLoadMethodAttributes (6ms)
				AfterProcessingInitializeOnLoad (5ms)
				EditorAssembliesLoaded (0ms)
			ExecutionOrderSort2 (0ms)
			AwakeInstancesAfterBackupRestoration (13ms)
Platform modules already initialized, skipping
Refreshing native plugins compatible for Editor in 0.61 ms, found 2 plugins.
Preloading 0 native plugins for Editor in 0.00 ms.
Unloading 1441 Unused Serialized files (Serialized files now loaded: 0)
System memory in use before: 74.3 MB.
System memory in use after: 74.4 MB.

Unloading 13 unused Assets to reduce memory usage. Loaded Objects now: 1968.
Total: 5.705800 ms (FindLiveObjects: 0.201300 ms CreateObjectMapping: 0.089800 ms MarkObjects: 5.386500 ms  DeleteObjects: 0.025600 ms)

AssetImportParameters requested are different than current active one (requested -> active):
  custom:framework-win-MediaFoundation: 216162199b28c13a410421893ffa2e32 -> 
  custom:video-decoder-ogg-theora: a1e56fd34408186e4bbccfd4996cb3dc -> 
  custom:container-muxer-webm: aa71ff27fc2769a1b78a27578f13a17b -> 
  custom:container-demuxer-webm: 4f35f7cbe854078d1ac9338744f61a02 -> 
  custom:container-demuxer-ogg: 62fdf1f143b41e24485cea50d1cbac27 -> 
  custom:video-encoder-webm-vp8: eb34c28f22e8b96e1ab97ce403110664 -> 
  custom:video-decoder-webm-vp8: 9c59270c3fd7afecdb556c50c9e8de78 -> 
  custom:audio-decoder-ogg-vorbis: bf7c407c2cedff20999df2af8eb42d56 -> 
  custom:audio-encoder-webm-vorbis: bf7c407c2cedff20999df2af8eb42d56 -> 
